<?xml version="1.0" encoding="UTF-8"?>
<coverage generated="1756129125827" clover="3.2.0">
  <project timestamp="1756129125827" name="All files">
    <metrics statements="75" coveredstatements="73" conditionals="28" coveredconditionals="18" methods="27" coveredmethods="27" elements="130" coveredelements="118" complexity="0" loc="75" ncloc="75" packages="1" files="4" classes="4"/>
    <file name="batchIdResolver.js" path="D:\FleetTest\batchIdResolver.js">
      <metrics statements="27" coveredstatements="25" conditionals="20" coveredconditionals="12" methods="7" coveredmethods="7"/>
      <line num="1" count="1" type="stmt"/>
      <line num="3" count="1" type="stmt"/>
      <line num="4" count="1" type="stmt"/>
      <line num="5" count="1" type="stmt"/>
      <line num="6" count="1" type="stmt"/>
      <line num="7" count="1" type="stmt"/>
      <line num="8" count="1" type="stmt"/>
      <line num="12" count="12" type="stmt"/>
      <line num="13" count="12" type="stmt"/>
      <line num="14" count="12" type="stmt"/>
      <line num="15" count="12" type="stmt"/>
      <line num="16" count="12" type="stmt"/>
      <line num="17" count="12" type="stmt"/>
      <line num="20" count="12" type="stmt"/>
      <line num="21" count="12" type="cond" truecount="3" falsecount="1"/>
      <line num="22" count="0" type="stmt"/>
      <line num="26" count="12" type="stmt"/>
      <line num="27" count="12" type="cond" truecount="3" falsecount="1"/>
      <line num="28" count="0" type="stmt"/>
      <line num="32" count="12" type="cond" truecount="1" falsecount="1"/>
      <line num="35" count="60" type="cond" truecount="1" falsecount="1"/>
      <line num="36" count="48" type="cond" truecount="1" falsecount="1"/>
      <line num="37" count="36" type="cond" truecount="1" falsecount="1"/>
      <line num="38" count="24" type="cond" truecount="1" falsecount="1"/>
      <line num="39" count="12" type="cond" truecount="1" falsecount="1"/>
      <line num="45" count="10" type="stmt"/>
      <line num="55" count="1" type="stmt"/>
    </file>
    <file name="dbClient.js" path="D:\FleetTest\dbClient.js">
      <metrics statements="17" coveredstatements="17" conditionals="4" coveredconditionals="3" methods="2" coveredmethods="2"/>
      <line num="1" count="1" type="stmt"/>
      <line num="2" count="1" type="stmt"/>
      <line num="3" count="1" type="stmt"/>
      <line num="5" count="1" type="stmt"/>
      <line num="7" count="1" type="stmt"/>
      <line num="8" count="1" type="stmt"/>
      <line num="9" count="1" type="stmt"/>
      <line num="11" count="1" type="stmt"/>
      <line num="14" count="43" type="cond" truecount="2" falsecount="0"/>
      <line num="16" count="1" type="stmt"/>
      <line num="17" count="1" type="stmt"/>
      <line num="26" count="1" type="stmt"/>
      <line num="27" count="1" type="stmt"/>
      <line num="31" count="1" type="cond" truecount="1" falsecount="1"/>
      <line num="32" count="1" type="stmt"/>
      <line num="33" count="1" type="stmt"/>
      <line num="37" count="1" type="stmt"/>
    </file>
    <file name="fleetSqlRunner.js" path="D:\FleetTest\fleetSqlRunner.js">
      <metrics statements="25" coveredstatements="25" conditionals="4" coveredconditionals="3" methods="17" coveredmethods="17"/>
      <line num="1" count="1" type="stmt"/>
      <line num="2" count="1" type="stmt"/>
      <line num="3" count="1" type="stmt"/>
      <line num="6" count="43" type="stmt"/>
      <line num="11" count="43" type="stmt"/>
      <line num="12" count="43" type="stmt"/>
      <line num="13" count="43" type="cond" truecount="2" falsecount="0"/>
      <line num="16" count="43" type="stmt"/>
      <line num="22" count="13" type="stmt"/>
      <line num="26" count="13" type="cond" truecount="1" falsecount="1"/>
      <line num="27" count="13" type="stmt"/>
      <line num="30" count="1" type="stmt"/>
      <line num="31" count="1" type="stmt"/>
      <line num="32" count="5" type="stmt"/>
      <line num="33" count="1" type="stmt"/>
      <line num="34" count="1" type="stmt"/>
      <line num="35" count="1" type="stmt"/>
      <line num="36" count="1" type="stmt"/>
      <line num="37" count="1" type="stmt"/>
      <line num="40" count="1" type="stmt"/>
      <line num="41" count="1" type="stmt"/>
      <line num="42" count="1" type="stmt"/>
      <line num="43" count="1" type="stmt"/>
      <line num="44" count="1" type="stmt"/>
      <line num="46" count="1" type="stmt"/>
    </file>
    <file name="fleet_test_helpers.js" path="D:\FleetTest\fleet_test_helpers.js">
      <metrics statements="6" coveredstatements="6" conditionals="0" coveredconditionals="0" methods="1" coveredmethods="1"/>
      <line num="1" count="1" type="stmt"/>
      <line num="2" count="1" type="stmt"/>
      <line num="5" count="9" type="stmt"/>
      <line num="6" count="9" type="stmt"/>
      <line num="26" count="1" type="stmt"/>
      <line num="28" count="1" type="stmt"/>
    </file>
  </project>
</coverage>
