{"total": {"lines":{"total":72,"covered":70,"skipped":0,"pct":97.22},"statements":{"total":78,"covered":75,"skipped":0,"pct":96.15},"functions":{"total":26,"covered":26,"skipped":0,"pct":100},"branches":{"total":24,"covered":15,"skipped":0,"pct":62.5},"branchesTrue":{"total":0,"covered":0,"skipped":0,"pct":"Unknown"}}
,"D:\\FleetTest\\batchIdResolver.js": {"lines":{"total":27,"covered":25,"skipped":0,"pct":92.59},"functions":{"total":7,"covered":7,"skipped":0,"pct":100},"statements":{"total":32,"covered":30,"skipped":0,"pct":93.75},"branches":{"total":20,"covered":12,"skipped":0,"pct":60}}
,"D:\\FleetTest\\dbClient.js": {"lines":{"total":12,"covered":12,"skipped":0,"pct":100},"functions":{"total":1,"covered":1,"skipped":0,"pct":100},"statements":{"total":12,"covered":12,"skipped":0,"pct":100},"branches":{"total":0,"covered":0,"skipped":0,"pct":100}}
,"D:\\FleetTest\\fleetSqlRunner.js": {"lines":{"total":27,"covered":27,"skipped":0,"pct":100},"functions":{"total":17,"covered":17,"skipped":0,"pct":100},"statements":{"total":28,"covered":27,"skipped":0,"pct":96.42},"branches":{"total":4,"covered":3,"skipped":0,"pct":75}}
,"D:\\FleetTest\\fleet_test_helpers.js": {"lines":{"total":6,"covered":6,"skipped":0,"pct":100},"functions":{"total":1,"covered":1,"skipped":0,"pct":100},"statements":{"total":6,"covered":6,"skipped":0,"pct":100},"branches":{"total":0,"covered":0,"skipped":0,"pct":100}}
}
