{"D:\\FleetTest\\batchIdResolver.js": {"path":"D:\\FleetTest\\batchIdResolver.js","statementMap":{"0":{"start":{"line":1,"column":55},"end":{"line":1,"column":86}},"1":{"start":{"line":3,"column":19},"end":{"line":3,"column":23}},"2":{"start":{"line":4,"column":20},"end":{"line":4,"column":24}},"3":{"start":{"line":5,"column":25},"end":{"line":5,"column":29}},"4":{"start":{"line":6,"column":21},"end":{"line":6,"column":25}},"5":{"start":{"line":7,"column":21},"end":{"line":7,"column":25}},"6":{"start":{"line":8,"column":20},"end":{"line":8,"column":24}},"7":{"start":{"line":12,"column":2},"end":{"line":12,"column":22}},"8":{"start":{"line":13,"column":2},"end":{"line":13,"column":23}},"9":{"start":{"line":14,"column":2},"end":{"line":14,"column":28}},"10":{"start":{"line":15,"column":2},"end":{"line":15,"column":24}},"11":{"start":{"line":16,"column":2},"end":{"line":16,"column":24}},"12":{"start":{"line":17,"column":2},"end":{"line":17,"column":23}},"13":{"start":{"line":20,"column":27},"end":{"line":20,"column":55}},"14":{"start":{"line":21,"column":2},"end":{"line":23,"column":3}},"15":{"start":{"line":22,"column":4},"end":{"line":22,"column":60}},"16":{"start":{"line":26,"column":2},"end":{"line":26,"column":55}},"17":{"start":{"line":27,"column":2},"end":{"line":29,"column":3}},"18":{"start":{"line":28,"column":4},"end":{"line":28,"column":57}},"19":{"start":{"line":32,"column":18},"end":{"line":32,"column":64}},"20":{"start":{"line":35,"column":2},"end":{"line":35,"column":90}},"21":{"start":{"line":35,"column":36},"end":{"line":35,"column":76}},"22":{"start":{"line":36,"column":2},"end":{"line":36,"column":101}},"23":{"start":{"line":36,"column":41},"end":{"line":36,"column":87}},"24":{"start":{"line":37,"column":2},"end":{"line":37,"column":105}},"25":{"start":{"line":37,"column":37},"end":{"line":37,"column":91}},"26":{"start":{"line":38,"column":2},"end":{"line":38,"column":105}},"27":{"start":{"line":38,"column":37},"end":{"line":38,"column":91}},"28":{"start":{"line":39,"column":2},"end":{"line":39,"column":103}},"29":{"start":{"line":39,"column":36},"end":{"line":39,"column":89}},"30":{"start":{"line":42,"column":2},"end":{"line":49,"column":5}},"31":{"start":{"line":53,"column":2},"end":{"line":60,"column":4}},"32":{"start":{"line":63,"column":0},"end":{"line":66,"column":2}}},"fnMap":{"0":{"name":"initializeBatchIds","decl":{"start":{"line":10,"column":15},"end":{"line":10,"column":33}},"loc":{"start":{"line":10,"column":36},"end":{"line":50,"column":1}},"line":10},"1":{"name":"(anonymous_1)","decl":{"start":{"line":35,"column":31},"end":{"line":35,"column":32}},"loc":{"start":{"line":35,"column":36},"end":{"line":35,"column":76}},"line":35},"2":{"name":"(anonymous_2)","decl":{"start":{"line":36,"column":36},"end":{"line":36,"column":37}},"loc":{"start":{"line":36,"column":41},"end":{"line":36,"column":87}},"line":36},"3":{"name":"(anonymous_3)","decl":{"start":{"line":37,"column":32},"end":{"line":37,"column":33}},"loc":{"start":{"line":37,"column":37},"end":{"line":37,"column":91}},"line":37},"4":{"name":"(anonymous_4)","decl":{"start":{"line":38,"column":32},"end":{"line":38,"column":33}},"loc":{"start":{"line":38,"column":37},"end":{"line":38,"column":91}},"line":38},"5":{"name":"(anonymous_5)","decl":{"start":{"line":39,"column":31},"end":{"line":39,"column":32}},"loc":{"start":{"line":39,"column":36},"end":{"line":39,"column":89}},"line":39},"6":{"name":"getBatchIds","decl":{"start":{"line":52,"column":9},"end":{"line":52,"column":20}},"loc":{"start":{"line":52,"column":23},"end":{"line":61,"column":1}},"line":52}},"branchMap":{"0":{"loc":{"start":{"line":21,"column":2},"end":{"line":23,"column":3}},"type":"if","locations":[{"start":{"line":21,"column":2},"end":{"line":23,"column":3}},{"start":{},"end":{}}],"line":21},"1":{"loc":{"start":{"line":21,"column":6},"end":{"line":21,"column":51}},"type":"binary-expr","locations":[{"start":{"line":21,"column":6},"end":{"line":21,"column":23}},{"start":{"line":21,"column":27},"end":{"line":21,"column":51}}],"line":21},"2":{"loc":{"start":{"line":27,"column":2},"end":{"line":29,"column":3}},"type":"if","locations":[{"start":{"line":27,"column":2},"end":{"line":29,"column":3}},{"start":{},"end":{}}],"line":27},"3":{"loc":{"start":{"line":27,"column":6},"end":{"line":27,"column":46}},"type":"binary-expr","locations":[{"start":{"line":27,"column":6},"end":{"line":27,"column":25}},{"start":{"line":27,"column":29},"end":{"line":27,"column":46}}],"line":27},"4":{"loc":{"start":{"line":32,"column":18},"end":{"line":32,"column":64}},"type":"binary-expr","locations":[{"start":{"line":32,"column":18},"end":{"line":32,"column":58}},{"start":{"line":32,"column":62},"end":{"line":32,"column":64}}],"line":32},"5":{"loc":{"start":{"line":35,"column":18},"end":{"line":35,"column":89}},"type":"binary-expr","locations":[{"start":{"line":35,"column":18},"end":{"line":35,"column":81}},{"start":{"line":35,"column":85},"end":{"line":35,"column":89}}],"line":35},"6":{"loc":{"start":{"line":36,"column":23},"end":{"line":36,"column":100}},"type":"binary-expr","locations":[{"start":{"line":36,"column":23},"end":{"line":36,"column":92}},{"start":{"line":36,"column":96},"end":{"line":36,"column":100}}],"line":36},"7":{"loc":{"start":{"line":37,"column":19},"end":{"line":37,"column":104}},"type":"binary-expr","locations":[{"start":{"line":37,"column":19},"end":{"line":37,"column":96}},{"start":{"line":37,"column":100},"end":{"line":37,"column":104}}],"line":37},"8":{"loc":{"start":{"line":38,"column":19},"end":{"line":38,"column":104}},"type":"binary-expr","locations":[{"start":{"line":38,"column":19},"end":{"line":38,"column":96}},{"start":{"line":38,"column":100},"end":{"line":38,"column":104}}],"line":38},"9":{"loc":{"start":{"line":39,"column":18},"end":{"line":39,"column":102}},"type":"binary-expr","locations":[{"start":{"line":39,"column":18},"end":{"line":39,"column":94}},{"start":{"line":39,"column":98},"end":{"line":39,"column":102}}],"line":39}},"s":{"0":1,"1":1,"2":1,"3":1,"4":1,"5":1,"6":1,"7":12,"8":12,"9":12,"10":12,"11":12,"12":12,"13":12,"14":12,"15":0,"16":12,"17":12,"18":0,"19":12,"20":12,"21":60,"22":12,"23":48,"24":12,"25":36,"26":12,"27":24,"28":12,"29":12,"30":12,"31":10,"32":1},"f":{"0":12,"1":60,"2":48,"3":36,"4":24,"5":12,"6":10},"b":{"0":[0,12],"1":[12,12],"2":[0,12],"3":[12,12],"4":[12,0],"5":[12,0],"6":[12,0],"7":[12,0],"8":[12,0],"9":[12,0]},"_coverageSchema":"1a1c01bbd47fc00a2c39e90264f33305004495a9","hash":"1759060af9e655493faf320ff292c6ae083084c1"}
,"D:\\FleetTest\\fleetSqlRunner.js": {"path":"D:\\FleetTest\\fleetSqlRunner.js","statementMap":{"0":{"start":{"line":1,"column":0},"end":{"line":1,"column":27}},"1":{"start":{"line":3,"column":35},"end":{"line":3,"column":61}},"2":{"start":{"line":4,"column":19},"end":{"line":4,"column":32}},"3":{"start":{"line":5,"column":11},"end":{"line":5,"column":24}},"4":{"start":{"line":6,"column":13},"end":{"line":6,"column":28}},"5":{"start":{"line":8,"column":19},"end":{"line":8,"column":47}},"6":{"start":{"line":11,"column":15},"end":{"line":11,"column":40}},"7":{"start":{"line":12,"column":17},"end":{"line":12,"column":46}},"8":{"start":{"line":13,"column":17},"end":{"line":13,"column":46}},"9":{"start":{"line":16,"column":2},"end":{"line":16,"column":73}},"10":{"start":{"line":20,"column":24},"end":{"line":20,"column":94}},"11":{"start":{"line":21,"column":2},"end":{"line":28,"column":5}},"12":{"start":{"line":32,"column":17},"end":{"line":32,"column":37}},"13":{"start":{"line":33,"column":2},"end":{"line":33,"column":25}},"14":{"start":{"line":34,"column":16},"end":{"line":34,"column":54}},"15":{"start":{"line":35,"column":17},"end":{"line":35,"column":42}},"16":{"start":{"line":36,"column":2},"end":{"line":36,"column":21}},"17":{"start":{"line":37,"column":2},"end":{"line":37,"column":21}},"18":{"start":{"line":41,"column":2},"end":{"line":41,"column":55}},"19":{"start":{"line":41,"column":15},"end":{"line":41,"column":55}},"20":{"start":{"line":42,"column":17},"end":{"line":42,"column":37}},"21":{"start":{"line":43,"column":2},"end":{"line":43,"column":25}},"22":{"start":{"line":44,"column":16},"end":{"line":44,"column":52}},"23":{"start":{"line":45,"column":17},"end":{"line":45,"column":52}},"24":{"start":{"line":46,"column":2},"end":{"line":46,"column":21}},"25":{"start":{"line":47,"column":2},"end":{"line":47,"column":21}},"26":{"start":{"line":52,"column":2},"end":{"line":52,"column":26}},"27":{"start":{"line":52,"column":16},"end":{"line":52,"column":26}},"28":{"start":{"line":53,"column":17},"end":{"line":53,"column":37}},"29":{"start":{"line":54,"column":2},"end":{"line":54,"column":25}},"30":{"start":{"line":55,"column":16},"end":{"line":55,"column":32}},"31":{"start":{"line":56,"column":17},"end":{"line":56,"column":53}},"32":{"start":{"line":57,"column":2},"end":{"line":57,"column":21}},"33":{"start":{"line":58,"column":2},"end":{"line":58,"column":21}},"34":{"start":{"line":62,"column":53},"end":{"line":62,"column":105}},"35":{"start":{"line":63,"column":58},"end":{"line":63,"column":116}},"36":{"start":{"line":64,"column":63},"end":{"line":64,"column":115}},"37":{"start":{"line":65,"column":65},"end":{"line":65,"column":130}},"38":{"start":{"line":66,"column":65},"end":{"line":66,"column":130}},"39":{"start":{"line":67,"column":64},"end":{"line":67,"column":128}},"40":{"start":{"line":68,"column":64},"end":{"line":68,"column":127}},"41":{"start":{"line":69,"column":59},"end":{"line":69,"column":116}},"42":{"start":{"line":72,"column":45},"end":{"line":72,"column":86}},"43":{"start":{"line":73,"column":59},"end":{"line":73,"column":115}},"44":{"start":{"line":74,"column":58},"end":{"line":74,"column":115}},"45":{"start":{"line":75,"column":62},"end":{"line":75,"column":122}},"46":{"start":{"line":76,"column":57},"end":{"line":76,"column":111}},"47":{"start":{"line":78,"column":0},"end":{"line":94,"column":2}}},"fnMap":{"0":{"name":"readSQL","decl":{"start":{"line":15,"column":9},"end":{"line":15,"column":16}},"loc":{"start":{"line":15,"column":27},"end":{"line":17,"column":1}},"line":15},"1":{"name":"createClient","decl":{"start":{"line":19,"column":15},"end":{"line":19,"column":27}},"loc":{"start":{"line":19,"column":30},"end":{"line":29,"column":1}},"line":19},"2":{"name":"fetchLatestFleetFile","decl":{"start":{"line":31,"column":15},"end":{"line":31,"column":35}},"loc":{"start":{"line":31,"column":38},"end":{"line":38,"column":1}},"line":31},"3":{"name":"fetchBatchesByFileId","decl":{"start":{"line":40,"column":15},"end":{"line":40,"column":35}},"loc":{"start":{"line":40,"column":44},"end":{"line":48,"column":1}},"line":40},"4":{"name":"fetchBatchRecords","decl":{"start":{"line":51,"column":15},"end":{"line":51,"column":32}},"loc":{"start":{"line":51,"column":51},"end":{"line":59,"column":1}},"line":51},"5":{"name":"fetchFleetRecordsForbronze","decl":{"start":{"line":62,"column":15},"end":{"line":62,"column":41}},"loc":{"start":{"line":62,"column":51},"end":{"line":62,"column":107}},"line":62},"6":{"name":"fetchFleetRecordsForbronzeerror","decl":{"start":{"line":63,"column":15},"end":{"line":63,"column":46}},"loc":{"start":{"line":63,"column":56},"end":{"line":63,"column":118}},"line":63},"7":{"name":"fetchValidFleetRecordsForSilverDelta","decl":{"start":{"line":64,"column":15},"end":{"line":64,"column":51}},"loc":{"start":{"line":64,"column":61},"end":{"line":64,"column":117}},"line":64},"8":{"name":"fetchFleetRecordsForSilverDeltaInfleet","decl":{"start":{"line":65,"column":15},"end":{"line":65,"column":53}},"loc":{"start":{"line":65,"column":63},"end":{"line":65,"column":132}},"line":65},"9":{"name":"fetchFleetRecordsForSilverDeltadefleet","decl":{"start":{"line":66,"column":15},"end":{"line":66,"column":53}},"loc":{"start":{"line":66,"column":63},"end":{"line":66,"column":132}},"line":66},"10":{"name":"fetchFleetRecordsForSilverDeltaupdate","decl":{"start":{"line":67,"column":15},"end":{"line":67,"column":52}},"loc":{"start":{"line":67,"column":62},"end":{"line":67,"column":130}},"line":67},"11":{"name":"fetchFleetRecordsForregistrationdelta","decl":{"start":{"line":68,"column":15},"end":{"line":68,"column":52}},"loc":{"start":{"line":68,"column":62},"end":{"line":68,"column":129}},"line":68},"12":{"name":"fetchFleetRecordsForregistration","decl":{"start":{"line":69,"column":15},"end":{"line":69,"column":47}},"loc":{"start":{"line":69,"column":57},"end":{"line":69,"column":118}},"line":69},"13":{"name":"fetchFleetRecordsForfleet","decl":{"start":{"line":72,"column":15},"end":{"line":72,"column":40}},"loc":{"start":{"line":72,"column":43},"end":{"line":72,"column":88}},"line":72},"14":{"name":"fetchFleetRecordsForfleetderegistration","decl":{"start":{"line":73,"column":15},"end":{"line":73,"column":54}},"loc":{"start":{"line":73,"column":57},"end":{"line":73,"column":117}},"line":73},"15":{"name":"fetchFleetRecordsForfleethistory","decl":{"start":{"line":74,"column":15},"end":{"line":74,"column":47}},"loc":{"start":{"line":74,"column":56},"end":{"line":74,"column":117}},"line":74},"16":{"name":"fetchFleetRecordsForregistrationdeltadereg","decl":{"start":{"line":75,"column":15},"end":{"line":75,"column":57}},"loc":{"start":{"line":75,"column":60},"end":{"line":75,"column":124}},"line":75},"17":{"name":"fetchFleetRecordsForregistrationdereg","decl":{"start":{"line":76,"column":15},"end":{"line":76,"column":52}},"loc":{"start":{"line":76,"column":55},"end":{"line":76,"column":113}},"line":76}},"branchMap":{"0":{"loc":{"start":{"line":41,"column":2},"end":{"line":41,"column":55}},"type":"if","locations":[{"start":{"line":41,"column":2},"end":{"line":41,"column":55}},{"start":{},"end":{}}],"line":41},"1":{"loc":{"start":{"line":52,"column":2},"end":{"line":52,"column":26}},"type":"if","locations":[{"start":{"line":52,"column":2},"end":{"line":52,"column":26}},{"start":{},"end":{}}],"line":52}},"s":{"0":1,"1":1,"2":1,"3":1,"4":1,"5":1,"6":1,"7":1,"8":1,"9":35,"10":35,"11":35,"12":13,"13":13,"14":13,"15":13,"16":13,"17":13,"18":13,"19":0,"20":13,"21":13,"22":13,"23":13,"24":13,"25":13,"26":13,"27":4,"28":9,"29":9,"30":9,"31":9,"32":9,"33":9,"34":1,"35":1,"36":1,"37":1,"38":1,"39":1,"40":1,"41":1,"42":1,"43":1,"44":1,"45":1,"46":1,"47":1},"f":{"0":35,"1":35,"2":13,"3":13,"4":13,"5":1,"6":1,"7":1,"8":1,"9":1,"10":1,"11":1,"12":1,"13":1,"14":1,"15":1,"16":1,"17":1},"b":{"0":[0,13],"1":[4,9]},"_coverageSchema":"1a1c01bbd47fc00a2c39e90264f33305004495a9","hash":"9dbd25db41cfb20a6975f29cb44965621fcea6da"}
,"D:\\FleetTest\\fleet_test_helpers.js": {"path":"D:\\FleetTest\\fleet_test_helpers.js","statementMap":{"0":{"start":{"line":1,"column":11},"end":{"line":1,"column":24}},"1":{"start":{"line":2,"column":13},"end":{"line":2,"column":28}},"2":{"start":{"line":5,"column":19},"end":{"line":5,"column":59}},"3":{"start":{"line":6,"column":2},"end":{"line":6,"column":55}},"4":{"start":{"line":26,"column":4},"end":{"line":26,"column":34}},"5":{"start":{"line":28,"column":0},"end":{"line":46,"column":2}}},"fnMap":{"0":{"name":"loadJson","decl":{"start":{"line":4,"column":9},"end":{"line":4,"column":17}},"loc":{"start":{"line":4,"column":28},"end":{"line":7,"column":1}},"line":4}},"branchMap":{},"s":{"0":1,"1":1,"2":9,"3":9,"4":1,"5":1},"f":{"0":9},"b":{},"_coverageSchema":"1a1c01bbd47fc00a2c39e90264f33305004495a9","hash":"553a2ecaa800368677d5fcb42e825da9178aee05"}
}
