{"D:\\Uptech\\Uptech-Test-Automation\\utils\\batchIdResolver.js": {"path":"D:\\Uptech\\Uptech-Test-Automation\\utils\\batchIdResolver.js","statementMap":{"0":{"start":{"line":1,"column":55},"end":{"line":1,"column":86}},"1":{"start":{"line":3,"column":19},"end":{"line":3,"column":23}},"2":{"start":{"line":4,"column":20},"end":{"line":4,"column":24}},"3":{"start":{"line":5,"column":25},"end":{"line":5,"column":29}},"4":{"start":{"line":6,"column":21},"end":{"line":6,"column":25}},"5":{"start":{"line":7,"column":21},"end":{"line":7,"column":25}},"6":{"start":{"line":8,"column":20},"end":{"line":8,"column":24}},"7":{"start":{"line":12,"column":2},"end":{"line":12,"column":22}},"8":{"start":{"line":13,"column":2},"end":{"line":13,"column":23}},"9":{"start":{"line":14,"column":2},"end":{"line":14,"column":28}},"10":{"start":{"line":15,"column":2},"end":{"line":15,"column":24}},"11":{"start":{"line":16,"column":2},"end":{"line":16,"column":24}},"12":{"start":{"line":17,"column":2},"end":{"line":17,"column":23}},"13":{"start":{"line":20,"column":27},"end":{"line":20,"column":55}},"14":{"start":{"line":21,"column":2},"end":{"line":23,"column":3}},"15":{"start":{"line":22,"column":4},"end":{"line":22,"column":60}},"16":{"start":{"line":26,"column":2},"end":{"line":26,"column":55}},"17":{"start":{"line":27,"column":2},"end":{"line":29,"column":3}},"18":{"start":{"line":28,"column":4},"end":{"line":28,"column":57}},"19":{"start":{"line":32,"column":18},"end":{"line":32,"column":64}},"20":{"start":{"line":35,"column":2},"end":{"line":35,"column":90}},"21":{"start":{"line":35,"column":36},"end":{"line":35,"column":76}},"22":{"start":{"line":36,"column":2},"end":{"line":36,"column":101}},"23":{"start":{"line":36,"column":41},"end":{"line":36,"column":87}},"24":{"start":{"line":37,"column":2},"end":{"line":37,"column":105}},"25":{"start":{"line":37,"column":37},"end":{"line":37,"column":91}},"26":{"start":{"line":38,"column":2},"end":{"line":38,"column":105}},"27":{"start":{"line":38,"column":37},"end":{"line":38,"column":91}},"28":{"start":{"line":39,"column":2},"end":{"line":39,"column":103}},"29":{"start":{"line":39,"column":36},"end":{"line":39,"column":89}},"30":{"start":{"line":45,"column":2},"end":{"line":52,"column":4}},"31":{"start":{"line":55,"column":0},"end":{"line":58,"column":2}}},"fnMap":{"0":{"name":"initializeBatchIds","decl":{"start":{"line":10,"column":15},"end":{"line":10,"column":33}},"loc":{"start":{"line":10,"column":36},"end":{"line":42,"column":1}},"line":10},"1":{"name":"(anonymous_1)","decl":{"start":{"line":35,"column":31},"end":{"line":35,"column":32}},"loc":{"start":{"line":35,"column":36},"end":{"line":35,"column":76}},"line":35},"2":{"name":"(anonymous_2)","decl":{"start":{"line":36,"column":36},"end":{"line":36,"column":37}},"loc":{"start":{"line":36,"column":41},"end":{"line":36,"column":87}},"line":36},"3":{"name":"(anonymous_3)","decl":{"start":{"line":37,"column":32},"end":{"line":37,"column":33}},"loc":{"start":{"line":37,"column":37},"end":{"line":37,"column":91}},"line":37},"4":{"name":"(anonymous_4)","decl":{"start":{"line":38,"column":32},"end":{"line":38,"column":33}},"loc":{"start":{"line":38,"column":37},"end":{"line":38,"column":91}},"line":38},"5":{"name":"(anonymous_5)","decl":{"start":{"line":39,"column":31},"end":{"line":39,"column":32}},"loc":{"start":{"line":39,"column":36},"end":{"line":39,"column":89}},"line":39},"6":{"name":"getBatchIds","decl":{"start":{"line":44,"column":9},"end":{"line":44,"column":20}},"loc":{"start":{"line":44,"column":23},"end":{"line":53,"column":1}},"line":44}},"branchMap":{"0":{"loc":{"start":{"line":21,"column":2},"end":{"line":23,"column":3}},"type":"if","locations":[{"start":{"line":21,"column":2},"end":{"line":23,"column":3}},{"start":{},"end":{}}],"line":21},"1":{"loc":{"start":{"line":21,"column":6},"end":{"line":21,"column":51}},"type":"binary-expr","locations":[{"start":{"line":21,"column":6},"end":{"line":21,"column":23}},{"start":{"line":21,"column":27},"end":{"line":21,"column":51}}],"line":21},"2":{"loc":{"start":{"line":27,"column":2},"end":{"line":29,"column":3}},"type":"if","locations":[{"start":{"line":27,"column":2},"end":{"line":29,"column":3}},{"start":{},"end":{}}],"line":27},"3":{"loc":{"start":{"line":27,"column":6},"end":{"line":27,"column":46}},"type":"binary-expr","locations":[{"start":{"line":27,"column":6},"end":{"line":27,"column":25}},{"start":{"line":27,"column":29},"end":{"line":27,"column":46}}],"line":27},"4":{"loc":{"start":{"line":32,"column":18},"end":{"line":32,"column":64}},"type":"binary-expr","locations":[{"start":{"line":32,"column":18},"end":{"line":32,"column":58}},{"start":{"line":32,"column":62},"end":{"line":32,"column":64}}],"line":32},"5":{"loc":{"start":{"line":35,"column":18},"end":{"line":35,"column":89}},"type":"binary-expr","locations":[{"start":{"line":35,"column":18},"end":{"line":35,"column":81}},{"start":{"line":35,"column":85},"end":{"line":35,"column":89}}],"line":35},"6":{"loc":{"start":{"line":36,"column":23},"end":{"line":36,"column":100}},"type":"binary-expr","locations":[{"start":{"line":36,"column":23},"end":{"line":36,"column":92}},{"start":{"line":36,"column":96},"end":{"line":36,"column":100}}],"line":36},"7":{"loc":{"start":{"line":37,"column":19},"end":{"line":37,"column":104}},"type":"binary-expr","locations":[{"start":{"line":37,"column":19},"end":{"line":37,"column":96}},{"start":{"line":37,"column":100},"end":{"line":37,"column":104}}],"line":37},"8":{"loc":{"start":{"line":38,"column":19},"end":{"line":38,"column":104}},"type":"binary-expr","locations":[{"start":{"line":38,"column":19},"end":{"line":38,"column":96}},{"start":{"line":38,"column":100},"end":{"line":38,"column":104}}],"line":38},"9":{"loc":{"start":{"line":39,"column":18},"end":{"line":39,"column":102}},"type":"binary-expr","locations":[{"start":{"line":39,"column":18},"end":{"line":39,"column":94}},{"start":{"line":39,"column":98},"end":{"line":39,"column":102}}],"line":39}},"s":{"0":1,"1":1,"2":1,"3":1,"4":1,"5":1,"6":1,"7":12,"8":12,"9":12,"10":12,"11":12,"12":12,"13":12,"14":12,"15":0,"16":12,"17":12,"18":0,"19":12,"20":12,"21":60,"22":12,"23":48,"24":12,"25":36,"26":12,"27":24,"28":12,"29":12,"30":10,"31":1},"f":{"0":12,"1":60,"2":48,"3":36,"4":24,"5":12,"6":10},"b":{"0":[0,12],"1":[12,12],"2":[0,12],"3":[12,12],"4":[12,0],"5":[12,0],"6":[12,0],"7":[12,0],"8":[12,0],"9":[12,0]},"_coverageSchema":"1a1c01bbd47fc00a2c39e90264f33305004495a9","hash":"197cdbdd7d416c7615c79a2a7d1745cb66d081a9"}
,"D:\\Uptech\\Uptech-Test-Automation\\utils\\dbClient.js": {"path":"D:\\Uptech\\Uptech-Test-Automation\\utils\\dbClient.js","statementMap":{"0":{"start":{"line":1,"column":0},"end":{"line":1,"column":43}},"1":{"start":{"line":2,"column":35},"end":{"line":2,"column":61}},"2":{"start":{"line":3,"column":19},"end":{"line":3,"column":32}},"3":{"start":{"line":5,"column":19},"end":{"line":5,"column":47}},"4":{"start":{"line":7,"column":15},"end":{"line":7,"column":40}},"5":{"start":{"line":8,"column":17},"end":{"line":8,"column":46}},"6":{"start":{"line":9,"column":17},"end":{"line":9,"column":46}},"7":{"start":{"line":11,"column":19},"end":{"line":11,"column":23}},"8":{"start":{"line":14,"column":2},"end":{"line":14,"column":40}},"9":{"start":{"line":14,"column":20},"end":{"line":14,"column":40}},"10":{"start":{"line":16,"column":24},"end":{"line":16,"column":94}},"11":{"start":{"line":17,"column":2},"end":{"line":24,"column":5}},"12":{"start":{"line":26,"column":2},"end":{"line":26,"column":31}},"13":{"start":{"line":27,"column":2},"end":{"line":27,"column":22}},"14":{"start":{"line":31,"column":2},"end":{"line":34,"column":3}},"15":{"start":{"line":32,"column":4},"end":{"line":32,"column":29}},"16":{"start":{"line":33,"column":4},"end":{"line":33,"column":24}},"17":{"start":{"line":37,"column":0},"end":{"line":37,"column":44}}},"fnMap":{"0":{"name":"getDbClient","decl":{"start":{"line":13,"column":15},"end":{"line":13,"column":24}},"loc":{"start":{"line":13,"column":27},"end":{"line":28,"column":1}},"line":13},"1":{"name":"closeClient","decl":{"start":{"line":30,"column":15},"end":{"line":30,"column":26}},"loc":{"start":{"line":30,"column":29},"end":{"line":35,"column":1}},"line":30}},"branchMap":{"0":{"loc":{"start":{"line":14,"column":2},"end":{"line":14,"column":40}},"type":"if","locations":[{"start":{"line":14,"column":2},"end":{"line":14,"column":40}},{"start":{},"end":{}}],"line":14},"1":{"loc":{"start":{"line":31,"column":2},"end":{"line":34,"column":3}},"type":"if","locations":[{"start":{"line":31,"column":2},"end":{"line":34,"column":3}},{"start":{},"end":{}}],"line":31}},"s":{"0":1,"1":1,"2":1,"3":1,"4":1,"5":1,"6":1,"7":1,"8":43,"9":42,"10":1,"11":1,"12":1,"13":1,"14":1,"15":1,"16":1,"17":1},"f":{"0":43,"1":1},"b":{"0":[42,1],"1":[1,0]},"_coverageSchema":"1a1c01bbd47fc00a2c39e90264f33305004495a9","hash":"e5348734bb62eafb5df038b8a1e8c9e560a69b08"}
,"D:\\Uptech\\Uptech-Test-Automation\\utils\\fleetSqlRunner.js": {"path":"D:\\Uptech\\Uptech-Test-Automation\\utils\\fleetSqlRunner.js","statementMap":{"0":{"start":{"line":1,"column":11},"end":{"line":1,"column":24}},"1":{"start":{"line":2,"column":13},"end":{"line":2,"column":28}},"2":{"start":{"line":3,"column":22},"end":{"line":3,"column":43}},"3":{"start":{"line":6,"column":2},"end":{"line":6,"column":73}},"4":{"start":{"line":11,"column":17},"end":{"line":11,"column":34}},"5":{"start":{"line":12,"column":16},"end":{"line":12,"column":32}},"6":{"start":{"line":13,"column":17},"end":{"line":15,"column":31}},"7":{"start":{"line":16,"column":2},"end":{"line":16,"column":21}},"8":{"start":{"line":22,"column":2},"end":{"line":22,"column":58}},"9":{"start":{"line":26,"column":2},"end":{"line":26,"column":55}},"10":{"start":{"line":26,"column":15},"end":{"line":26,"column":55}},"11":{"start":{"line":27,"column":2},"end":{"line":27,"column":64}},"12":{"start":{"line":30,"column":53},"end":{"line":30,"column":105}},"13":{"start":{"line":31,"column":58},"end":{"line":31,"column":116}},"14":{"start":{"line":32,"column":63},"end":{"line":32,"column":115}},"15":{"start":{"line":33,"column":65},"end":{"line":33,"column":130}},"16":{"start":{"line":34,"column":65},"end":{"line":34,"column":130}},"17":{"start":{"line":35,"column":64},"end":{"line":35,"column":128}},"18":{"start":{"line":36,"column":64},"end":{"line":36,"column":127}},"19":{"start":{"line":37,"column":59},"end":{"line":37,"column":116}},"20":{"start":{"line":40,"column":45},"end":{"line":40,"column":86}},"21":{"start":{"line":41,"column":59},"end":{"line":41,"column":115}},"22":{"start":{"line":42,"column":58},"end":{"line":42,"column":115}},"23":{"start":{"line":43,"column":62},"end":{"line":43,"column":122}},"24":{"start":{"line":44,"column":57},"end":{"line":44,"column":111}},"25":{"start":{"line":46,"column":0},"end":{"line":62,"column":2}}},"fnMap":{"0":{"name":"readSQL","decl":{"start":{"line":5,"column":9},"end":{"line":5,"column":16}},"loc":{"start":{"line":5,"column":27},"end":{"line":7,"column":1}},"line":5},"1":{"name":"fetchBatchRecords","decl":{"start":{"line":10,"column":15},"end":{"line":10,"column":32}},"loc":{"start":{"line":10,"column":51},"end":{"line":17,"column":1}},"line":10},"2":{"name":"fetchLatestFleetFile","decl":{"start":{"line":21,"column":15},"end":{"line":21,"column":35}},"loc":{"start":{"line":21,"column":38},"end":{"line":23,"column":1}},"line":21},"3":{"name":"fetchBatchesByFileId","decl":{"start":{"line":25,"column":15},"end":{"line":25,"column":35}},"loc":{"start":{"line":25,"column":44},"end":{"line":28,"column":1}},"line":25},"4":{"name":"fetchFleetRecordsForbronze","decl":{"start":{"line":30,"column":15},"end":{"line":30,"column":41}},"loc":{"start":{"line":30,"column":51},"end":{"line":30,"column":107}},"line":30},"5":{"name":"fetchFleetRecordsForbronzeerror","decl":{"start":{"line":31,"column":15},"end":{"line":31,"column":46}},"loc":{"start":{"line":31,"column":56},"end":{"line":31,"column":118}},"line":31},"6":{"name":"fetchValidFleetRecordsForSilverDelta","decl":{"start":{"line":32,"column":15},"end":{"line":32,"column":51}},"loc":{"start":{"line":32,"column":61},"end":{"line":32,"column":117}},"line":32},"7":{"name":"fetchFleetRecordsForSilverDeltaInfleet","decl":{"start":{"line":33,"column":15},"end":{"line":33,"column":53}},"loc":{"start":{"line":33,"column":63},"end":{"line":33,"column":132}},"line":33},"8":{"name":"fetchFleetRecordsForSilverDeltadefleet","decl":{"start":{"line":34,"column":15},"end":{"line":34,"column":53}},"loc":{"start":{"line":34,"column":63},"end":{"line":34,"column":132}},"line":34},"9":{"name":"fetchFleetRecordsForSilverDeltaupdate","decl":{"start":{"line":35,"column":15},"end":{"line":35,"column":52}},"loc":{"start":{"line":35,"column":62},"end":{"line":35,"column":130}},"line":35},"10":{"name":"fetchFleetRecordsForregistrationdelta","decl":{"start":{"line":36,"column":15},"end":{"line":36,"column":52}},"loc":{"start":{"line":36,"column":62},"end":{"line":36,"column":129}},"line":36},"11":{"name":"fetchFleetRecordsForregistration","decl":{"start":{"line":37,"column":15},"end":{"line":37,"column":47}},"loc":{"start":{"line":37,"column":57},"end":{"line":37,"column":118}},"line":37},"12":{"name":"fetchFleetRecordsForfleet","decl":{"start":{"line":40,"column":15},"end":{"line":40,"column":40}},"loc":{"start":{"line":40,"column":43},"end":{"line":40,"column":88}},"line":40},"13":{"name":"fetchFleetRecordsForfleetderegistration","decl":{"start":{"line":41,"column":15},"end":{"line":41,"column":54}},"loc":{"start":{"line":41,"column":57},"end":{"line":41,"column":117}},"line":41},"14":{"name":"fetchFleetRecordsForfleethistory","decl":{"start":{"line":42,"column":15},"end":{"line":42,"column":47}},"loc":{"start":{"line":42,"column":56},"end":{"line":42,"column":117}},"line":42},"15":{"name":"fetchFleetRecordsForregistrationdeltadereg","decl":{"start":{"line":43,"column":15},"end":{"line":43,"column":57}},"loc":{"start":{"line":43,"column":60},"end":{"line":43,"column":124}},"line":43},"16":{"name":"fetchFleetRecordsForregistrationdereg","decl":{"start":{"line":44,"column":15},"end":{"line":44,"column":52}},"loc":{"start":{"line":44,"column":55},"end":{"line":44,"column":113}},"line":44}},"branchMap":{"0":{"loc":{"start":{"line":13,"column":17},"end":{"line":15,"column":31}},"type":"cond-expr","locations":[{"start":{"line":14,"column":6},"end":{"line":14,"column":42}},{"start":{"line":15,"column":6},"end":{"line":15,"column":31}}],"line":13},"1":{"loc":{"start":{"line":26,"column":2},"end":{"line":26,"column":55}},"type":"if","locations":[{"start":{"line":26,"column":2},"end":{"line":26,"column":55}},{"start":{},"end":{}}],"line":26}},"s":{"0":1,"1":1,"2":1,"3":43,"4":43,"5":43,"6":43,"7":43,"8":13,"9":13,"10":0,"11":13,"12":1,"13":1,"14":5,"15":1,"16":1,"17":1,"18":1,"19":1,"20":1,"21":1,"22":1,"23":1,"24":1,"25":1},"f":{"0":43,"1":43,"2":13,"3":13,"4":1,"5":1,"6":5,"7":1,"8":1,"9":1,"10":1,"11":1,"12":1,"13":1,"14":1,"15":1,"16":1},"b":{"0":[26,17],"1":[0,13]},"_coverageSchema":"1a1c01bbd47fc00a2c39e90264f33305004495a9","hash":"7d779e2449c39e9ef4c6e263b76ab7c2a21cad7b"}
,"D:\\Uptech\\Uptech-Test-Automation\\utils\\fleet_test_helpers.js": {"path":"D:\\Uptech\\Uptech-Test-Automation\\utils\\fleet_test_helpers.js","statementMap":{"0":{"start":{"line":1,"column":11},"end":{"line":1,"column":24}},"1":{"start":{"line":2,"column":13},"end":{"line":2,"column":28}},"2":{"start":{"line":5,"column":19},"end":{"line":5,"column":59}},"3":{"start":{"line":6,"column":2},"end":{"line":6,"column":55}},"4":{"start":{"line":26,"column":4},"end":{"line":26,"column":34}},"5":{"start":{"line":28,"column":0},"end":{"line":46,"column":2}}},"fnMap":{"0":{"name":"loadJson","decl":{"start":{"line":4,"column":9},"end":{"line":4,"column":17}},"loc":{"start":{"line":4,"column":28},"end":{"line":7,"column":1}},"line":4}},"branchMap":{},"s":{"0":1,"1":1,"2":9,"3":9,"4":1,"5":1},"f":{"0":9},"b":{},"_coverageSchema":"1a1c01bbd47fc00a2c39e90264f33305004495a9","hash":"553a2ecaa800368677d5fcb42e825da9178aee05"}
}
