TN:
SF:batchIdResolver.js
FN:10,initializeBatchIds
FN:35,(anonymous_1)
FN:36,(anonymous_2)
FN:37,(anonymous_3)
FN:38,(anonymous_4)
FN:39,(anonymous_5)
FN:44,getBatchIds
FNF:7
FNH:7
FNDA:12,initializeBatchIds
FNDA:60,(anonymous_1)
FNDA:48,(anonymous_2)
FNDA:36,(anonymous_3)
FNDA:24,(anonymous_4)
FNDA:12,(anonymous_5)
FNDA:10,getBatchIds
DA:1,1
DA:3,1
DA:4,1
DA:5,1
DA:6,1
DA:7,1
DA:8,1
DA:12,12
DA:13,12
DA:14,12
DA:15,12
DA:16,12
DA:17,12
DA:20,12
DA:21,12
DA:22,0
DA:26,12
DA:27,12
DA:28,0
DA:32,12
DA:35,60
DA:36,48
DA:37,36
DA:38,24
DA:39,12
DA:45,10
DA:55,1
LF:27
LH:25
BRDA:21,0,0,0
BRDA:21,0,1,12
BRDA:21,1,0,12
BRDA:21,1,1,12
BRDA:27,2,0,0
BRDA:27,2,1,12
BRDA:27,3,0,12
BRDA:27,3,1,12
BRDA:32,4,0,12
BRDA:32,4,1,0
BRDA:35,5,0,12
BRDA:35,5,1,0
BRDA:36,6,0,12
BRDA:36,6,1,0
BRDA:37,7,0,12
BRDA:37,7,1,0
BRDA:38,8,0,12
BRDA:38,8,1,0
BRDA:39,9,0,12
BRDA:39,9,1,0
BRF:20
BRH:12
end_of_record
TN:
SF:dbClient.js
FN:11,createClient
FNF:1
FNH:1
FNDA:40,createClient
DA:1,1
DA:2,1
DA:3,1
DA:5,1
DA:7,1
DA:8,1
DA:9,1
DA:12,40
DA:15,40
DA:23,40
DA:24,40
DA:27,1
LF:12
LH:12
BRF:0
BRH:0
end_of_record
TN:
SF:fleetSqlRunner.js
FN:5,readSQL
FN:10,fetchBatchRecords
FN:23,fetchLatestFleetFile
FN:27,fetchBatchesByFileId
FN:32,fetchFleetRecordsForbronze
FN:33,fetchFleetRecordsForbronzeerror
FN:34,fetchValidFleetRecordsForSilverDelta
FN:35,fetchFleetRecordsForSilverDeltaInfleet
FN:36,fetchFleetRecordsForSilverDeltadefleet
FN:37,fetchFleetRecordsForSilverDeltaupdate
FN:38,fetchFleetRecordsForregistrationdelta
FN:39,fetchFleetRecordsForregistration
FN:42,fetchFleetRecordsForfleet
FN:43,fetchFleetRecordsForfleetderegistration
FN:44,fetchFleetRecordsForfleethistory
FN:45,fetchFleetRecordsForregistrationdeltadereg
FN:46,fetchFleetRecordsForregistrationdereg
FNF:17
FNH:17
FNDA:40,readSQL
FNDA:40,fetchBatchRecords
FNDA:13,fetchLatestFleetFile
FNDA:13,fetchBatchesByFileId
FNDA:1,fetchFleetRecordsForbronze
FNDA:1,fetchFleetRecordsForbronzeerror
FNDA:2,fetchValidFleetRecordsForSilverDelta
FNDA:1,fetchFleetRecordsForSilverDeltaInfleet
FNDA:1,fetchFleetRecordsForSilverDeltadefleet
FNDA:1,fetchFleetRecordsForSilverDeltaupdate
FNDA:1,fetchFleetRecordsForregistrationdelta
FNDA:1,fetchFleetRecordsForregistration
FNDA:1,fetchFleetRecordsForfleet
FNDA:1,fetchFleetRecordsForfleetderegistration
FNDA:1,fetchFleetRecordsForfleethistory
FNDA:1,fetchFleetRecordsForregistrationdeltadereg
FNDA:1,fetchFleetRecordsForregistrationdereg
DA:1,1
DA:2,1
DA:3,1
DA:6,40
DA:11,40
DA:12,40
DA:13,40
DA:14,40
DA:15,40
DA:17,40
DA:24,13
DA:28,13
DA:29,13
DA:32,1
DA:33,1
DA:34,2
DA:35,1
DA:36,1
DA:37,1
DA:38,1
DA:39,1
DA:42,1
DA:43,1
DA:44,1
DA:45,1
DA:46,1
DA:48,1
LF:27
LH:27
BRDA:14,0,0,23
BRDA:14,0,1,17
BRDA:28,1,0,0
BRDA:28,1,1,13
BRF:4
BRH:3
end_of_record
TN:
SF:fleet_test_helpers.js
FN:4,loadJson
FNF:1
FNH:1
FNDA:9,loadJson
DA:1,1
DA:2,1
DA:5,9
DA:6,9
DA:26,1
DA:28,1
LF:6
LH:6
BRF:0
BRH:0
end_of_record
