TN:
SF:batchIdResolver.js
FN:10,initializeBatchIds
FN:35,(anonymous_1)
FN:36,(anonymous_2)
FN:37,(anonymous_3)
FN:38,(anonymous_4)
FN:39,(anonymous_5)
FN:52,getBatchIds
FNF:7
FNH:7
FNDA:12,initializeBatchIds
FNDA:60,(anonymous_1)
FNDA:48,(anonymous_2)
FNDA:36,(anonymous_3)
FNDA:24,(anonymous_4)
FNDA:12,(anonymous_5)
FNDA:10,getBatchIds
DA:1,1
DA:3,1
DA:4,1
DA:5,1
DA:6,1
DA:7,1
DA:8,1
DA:12,12
DA:13,12
DA:14,12
DA:15,12
DA:16,12
DA:17,12
DA:20,12
DA:21,12
DA:22,0
DA:26,12
DA:27,12
DA:28,0
DA:32,12
DA:35,60
DA:36,48
DA:37,36
DA:38,24
DA:39,12
DA:42,12
DA:53,10
DA:63,1
LF:28
LH:26
BRDA:21,0,0,0
BRDA:21,0,1,12
BRDA:21,1,0,12
BRDA:21,1,1,12
BRDA:27,2,0,0
BRDA:27,2,1,12
BRDA:27,3,0,12
BRDA:27,3,1,12
BRDA:32,4,0,12
BRDA:32,4,1,0
BRDA:35,5,0,12
BRDA:35,5,1,0
BRDA:36,6,0,12
BRDA:36,6,1,0
BRDA:37,7,0,12
BRDA:37,7,1,0
BRDA:38,8,0,12
BRDA:38,8,1,0
BRDA:39,9,0,12
BRDA:39,9,1,0
BRF:20
BRH:12
end_of_record
TN:
SF:fleetSqlRunner.js
FN:15,readSQL
FN:19,createClient
FN:31,fetchLatestFleetFile
FN:40,fetchBatchesByFileId
FN:51,fetchBatchRecords
FN:62,fetchFleetRecordsForbronze
FN:63,fetchFleetRecordsForbronzeerror
FN:64,fetchValidFleetRecordsForSilverDelta
FN:65,fetchFleetRecordsForSilverDeltaInfleet
FN:66,fetchFleetRecordsForSilverDeltadefleet
FN:67,fetchFleetRecordsForSilverDeltaupdate
FN:68,fetchFleetRecordsForregistrationdelta
FN:69,fetchFleetRecordsForregistration
FN:72,fetchFleetRecordsForfleet
FN:73,fetchFleetRecordsForfleetderegistration
FN:74,fetchFleetRecordsForfleethistory
FN:75,fetchFleetRecordsForregistrationdeltadereg
FN:76,fetchFleetRecordsForregistrationdereg
FNF:18
FNH:18
FNDA:35,readSQL
FNDA:35,createClient
FNDA:13,fetchLatestFleetFile
FNDA:13,fetchBatchesByFileId
FNDA:13,fetchBatchRecords
FNDA:1,fetchFleetRecordsForbronze
FNDA:1,fetchFleetRecordsForbronzeerror
FNDA:1,fetchValidFleetRecordsForSilverDelta
FNDA:1,fetchFleetRecordsForSilverDeltaInfleet
FNDA:1,fetchFleetRecordsForSilverDeltadefleet
FNDA:1,fetchFleetRecordsForSilverDeltaupdate
FNDA:1,fetchFleetRecordsForregistrationdelta
FNDA:1,fetchFleetRecordsForregistration
FNDA:1,fetchFleetRecordsForfleet
FNDA:1,fetchFleetRecordsForfleetderegistration
FNDA:1,fetchFleetRecordsForfleethistory
FNDA:1,fetchFleetRecordsForregistrationdeltadereg
FNDA:1,fetchFleetRecordsForregistrationdereg
DA:1,1
DA:3,1
DA:4,1
DA:5,1
DA:6,1
DA:8,1
DA:11,1
DA:12,1
DA:13,1
DA:16,35
DA:20,35
DA:21,35
DA:32,13
DA:33,13
DA:34,13
DA:35,13
DA:36,13
DA:37,13
DA:41,13
DA:42,13
DA:43,13
DA:44,13
DA:45,13
DA:46,13
DA:47,13
DA:52,13
DA:53,9
DA:54,9
DA:55,9
DA:56,9
DA:57,9
DA:58,9
DA:62,1
DA:63,1
DA:64,1
DA:65,1
DA:66,1
DA:67,1
DA:68,1
DA:69,1
DA:72,1
DA:73,1
DA:74,1
DA:75,1
DA:76,1
DA:78,1
LF:46
LH:46
BRDA:41,0,0,0
BRDA:41,0,1,13
BRDA:52,1,0,4
BRDA:52,1,1,9
BRF:4
BRH:3
end_of_record
TN:
SF:fleet_test_helpers.js
FN:4,loadJson
FNF:1
FNH:1
FNDA:9,loadJson
DA:1,1
DA:2,1
DA:5,9
DA:6,9
DA:26,1
DA:28,1
LF:6
LH:6
BRF:0
BRH:0
end_of_record
